2021-06-13 Sunday 03:57:08 , 6estate - INFO : parameters are:{'dataset': {'training_path': '/polyaxon-data/workspace/kewen_yang/X-Train/6estate/train.json', 'test_path': '/polyaxon-data/workspace/kewen_yang/X-Train/6estate/test.json', 'val_path': '/polyaxon-data/workspace/kewen_yang/X-Train/6estate/dev.json'}, 'random': {'seed': 1}, 'datapipe': {'drop_list': [102, 181, 301, 521, 587, 694, 883, 1186, 1273, 1462, 1682, 2025, 2367, 2578, 3064, 3349, 3579, 3820, 3820, 3822, 3892, 3894, 3896, 4145, 4195, 4260, 4326, 4372, 4377, 4646, 4750, 4796, 4803, 4916, 4931, 5496, 5686, 5973, 6112, 6178, 6245, 6354, 6414, 6449, 6636, 6764, 6944, 7334, 7432, 7498, 7842, 8388]}, 'model': {'MODEL': 'bert-base-uncased', 'NUM_LABELS': 1, 'BATCH_SIZE': 128, 'LEARNING_RATE': 5e-05, 'LR_PATIENCE': 6, 'ES_PATIENCE': 15, 'FACTOR': 0.9, 'EPOCHS': 100, 'MAX_LENGTH': 512, 'PATH': '/polyaxon-data/workspace/kewen_yang/X-Train/6estate'}}
2021-06-13 Sunday 03:57:08 , 6estate - INFO : Starting experiment...
2021-06-13 Sunday 03:57:08 , 6estates - INFO : Datapipeline is initiated
2021-06-13 Sunday 03:57:18 , 6estates - INFO : performed dropping missing values
2021-06-13 Sunday 03:57:18 , 6estates - INFO : performed dropping duplicates
2021-06-13 Sunday 03:57:18 , 6estates - INFO : finished transforming data
2021-06-13 Sunday 03:57:19 , 6estates - INFO : performed dropping missing values
2021-06-13 Sunday 03:57:19 , 6estates - INFO : performed dropping duplicates
2021-06-13 Sunday 03:57:19 , 6estates - INFO : finished transforming data
2021-06-13 Sunday 03:57:20 , 6estates - INFO : performed dropping missing values
2021-06-13 Sunday 03:57:20 , 6estates - INFO : performed dropping duplicates
2021-06-13 Sunday 03:57:20 , 6estates - INFO : finished transforming data
2021-06-13 Sunday 03:57:20 , 6estate - INFO : Finished loading data
2021-06-13 Sunday 03:57:20 , 6estate - INFO : train size:8585
2021-06-13 Sunday 03:57:20 , 6estate - INFO : test size:1066
2021-06-13 Sunday 03:57:20 , 6estate - INFO : val size:960
2021-06-13 Sunday 03:57:20 , 6estate - INFO : Starting Modelling...
2021-06-13 Sunday 03:57:21 , filelock - INFO : Lock 140138810805160 acquired on /home/polyaxon/.cache/huggingface/transformers/3c61d016573b14f7f008c02c4e51a366c67ab274726fe2910691e2a761acf43e.37395cee442ab11005bcd270f3c34464dc1704b715b5d7d52b1a461abe3b9e4e.lock
2021-06-13 Sunday 03:57:22 , filelock - INFO : Lock 140138810805160 released on /home/polyaxon/.cache/huggingface/transformers/3c61d016573b14f7f008c02c4e51a366c67ab274726fe2910691e2a761acf43e.37395cee442ab11005bcd270f3c34464dc1704b715b5d7d52b1a461abe3b9e4e.lock
2021-06-13 Sunday 03:57:23 , filelock - INFO : Lock 140141639144504 acquired on /home/polyaxon/.cache/huggingface/transformers/45c3f7a79a80e1cf0a489e5c62b43f173c15db47864303a55d623bb3c96f72a5.d789d64ebfe299b0e416afc4a169632f903f693095b4629a7ea271d5a0cf2c99.lock
2021-06-13 Sunday 03:57:25 , filelock - INFO : Lock 140141639144504 released on /home/polyaxon/.cache/huggingface/transformers/45c3f7a79a80e1cf0a489e5c62b43f173c15db47864303a55d623bb3c96f72a5.d789d64ebfe299b0e416afc4a169632f903f693095b4629a7ea271d5a0cf2c99.lock
2021-06-13 Sunday 03:57:25 , filelock - INFO : Lock 140141639144504 acquired on /home/polyaxon/.cache/huggingface/transformers/534479488c54aeaf9c3406f647aa2ec13648c06771ffe269edabebd4c412da1d.7f2721073f19841be16f41b0a70b600ca6b880c8f3df6f3535cbc704371bdfa4.lock
2021-06-13 Sunday 03:57:27 , filelock - INFO : Lock 140141639144504 released on /home/polyaxon/.cache/huggingface/transformers/534479488c54aeaf9c3406f647aa2ec13648c06771ffe269edabebd4c412da1d.7f2721073f19841be16f41b0a70b600ca6b880c8f3df6f3535cbc704371bdfa4.lock
2021-06-13 Sunday 03:57:29 , filelock - INFO : Lock 140138810804040 acquired on /home/polyaxon/.cache/huggingface/transformers/775efbdc2152093295bc5824dee96da82a5f3c1f218dfface1b8cef3094bdf8f.c719a806caef7d36ec0185f14b3b5fa727d919f924abe35622b4b7147bfbb8c7.h5.lock
2021-06-13 Sunday 03:57:35 , filelock - INFO : Lock 140138810804040 released on /home/polyaxon/.cache/huggingface/transformers/775efbdc2152093295bc5824dee96da82a5f3c1f218dfface1b8cef3094bdf8f.c719a806caef7d36ec0185f14b3b5fa727d919f924abe35622b4b7147bfbb8c7.h5.lock
2021-06-13 Sunday 03:57:37 , 6estates - INFO : initiating model
2021-06-13 Sunday 03:57:38 , 6estate - INFO : Finished preprocessing input data for Bert
2021-06-13 Sunday 03:57:38 , 6estate - INFO : Finished building Bert
2021-06-13 Sunday 03:57:38 , 6estate - INFO : Starting training
2021-06-13 Sunday 04:08:01 , 6estate - INFO : Start testing
2021-06-13 Sunday 04:08:03 , 6estates - INFO : Test Loss: 0.28176891803741455
2021-06-13 Sunday 04:08:03 , 6estates - INFO : Test Accuracy: 0.8883677124977112
2021-06-13 Sunday 04:08:03 , 6estates - INFO : Saving model in /polyaxon-data/workspace/kewen_yang/X-Train/6estate/6estate202106130357
2021-06-13 Sunday 04:08:06 , 6estates - INFO : predicted values for test_dataset: [0, 0, 1, 0, 1, 1, 1, 1, 1, 1, 0, 1, 1, 1, 0, 1, 0, 0, 1, 1, 1, 1, 0, 0, 1, 0, 1, 0, 1, 0, 1, 1, 1, 0, 0, 0, 0, 0, 1, 1, 0, 1, 1, 1, 1, 0, 1, 0, 0, 1, 1, 1, 0, 0, 1, 0, 0, 0, 1, 1, 1, 0, 0, 1, 1, 0, 1, 0, 0, 1, 0, 0, 0, 1, 0, 1, 1, 1, 0, 0, 1, 1, 1, 0, 1, 1, 0, 0, 1, 0, 1, 1, 0, 0, 1, 0, 0, 0, 0, 0, 0, 0, 1, 0, 1, 1, 0, 1, 1, 0, 1, 1, 1, 1, 1, 0, 1, 0, 0, 1, 1, 0, 1, 1, 0, 0, 0, 1, 0, 0, 0, 0, 0, 0, 0, 0, 0, 0, 1, 1, 0, 0, 0, 1, 0, 1, 0, 1, 0, 1, 1, 1, 1, 0, 0, 0, 1, 1, 1, 0, 0, 0, 0, 0, 1, 1, 1, 0, 1, 0, 0, 0, 1, 1, 0, 1, 1, 0, 1, 0, 1, 1, 1, 0, 0, 0, 0, 0, 0, 1, 0, 1, 1, 1, 1, 0, 0, 0, 0, 1, 1, 0, 1, 0, 0, 0, 1, 1, 1, 0, 0, 1, 0, 1, 0, 1, 1, 0, 1, 1, 1, 0, 1, 0, 1, 1, 1, 1, 0, 1, 0, 0, 1, 1, 1, 1, 1, 1, 1, 1, 0, 1, 0, 1, 0, 1, 1, 0, 1, 0, 1, 1, 0, 0, 1, 0, 1, 1, 0, 1, 1, 0, 1, 1, 0, 0, 0, 1, 1, 0, 0, 0, 0, 0, 0, 1, 0, 1, 1, 1, 0, 0, 1, 0, 1, 0, 0, 1, 1, 0, 0, 0, 1, 1, 0, 1, 1, 1, 0, 0, 0, 1, 1, 1, 1, 1, 0, 1, 1, 1, 0, 1, 1, 1, 1, 0, 0, 1, 1, 1, 1, 0, 0, 0, 1, 0, 0, 0, 0, 0, 0, 1, 0, 1, 0, 0, 0, 1, 0, 1, 0, 0, 0, 1, 0, 0, 1, 1, 0, 1, 1, 1, 0, 0, 0, 1, 0, 1, 0, 0, 1, 0, 0, 0, 1, 1, 0, 1, 1, 0, 0, 1, 1, 0, 1, 0, 1, 0, 1, 1, 0, 1, 1, 0, 1, 0, 0, 0, 1, 0, 1, 0, 1, 1, 0, 0, 1, 1, 0, 0, 0, 0, 1, 0, 0, 0, 0, 1, 0, 0, 0, 1, 0, 1, 0, 0, 1, 0, 1, 1, 1, 1, 0, 0, 0, 1, 1, 1, 1, 0, 1, 1, 0, 0, 0, 1, 0, 1, 0, 1, 1, 1, 0, 0, 1, 0, 0, 1, 0, 1, 1, 1, 1, 1, 1, 1, 0, 0, 0, 1, 1, 0, 1, 1, 1, 1, 0, 1, 1, 0, 1, 1, 0, 0, 1, 1, 1, 0, 1, 0, 1, 1, 1, 1, 1, 1, 1, 0, 1, 1, 0, 1, 0, 1, 1, 1, 0, 1, 1, 1, 1, 0, 0, 1, 1, 1, 1, 0, 1, 1, 0, 1, 1, 1, 1, 1, 0, 1, 0, 0, 1, 1, 1, 0, 0, 1, 0, 1, 1, 1, 1, 0, 0, 1, 0, 1, 1, 1, 0, 0, 0, 0, 0, 1, 1, 1, 0, 0, 0, 0, 1, 0, 0, 1, 1, 1, 1, 0, 0, 1, 1, 0, 1, 1, 1, 0, 1, 0, 0, 0, 1, 1, 1, 0, 0, 0, 0, 1, 0, 1, 0, 1, 0, 0, 1, 1, 1, 1, 1, 0, 0, 1, 1, 1, 1, 0, 0, 1, 0, 1, 1, 0, 0, 1, 0, 0, 1, 0, 1, 0, 0, 1, 1, 0, 0, 0, 1, 1, 1, 1, 0, 0, 1, 1, 1, 1, 1, 0, 0, 1, 1, 1, 1, 0, 1, 1, 1, 1, 0, 1, 0, 0, 0, 1, 0, 0, 0, 1, 0, 1, 1, 1, 0, 1, 1, 0, 0, 0, 0, 1, 0, 0, 1, 1, 1, 0, 0, 1, 0, 1, 0, 0, 1, 0, 1, 0, 1, 1, 1, 1, 0, 0, 1, 0, 1, 0, 0, 0, 0, 1, 0, 0, 1, 0, 1, 1, 0, 1, 1, 1, 0, 0, 0, 1, 0, 0, 1, 1, 1, 1, 1, 0, 1, 1, 0, 1, 0, 1, 1, 0, 1, 0, 1, 0, 1, 0, 1, 1, 1, 0, 1, 1, 0, 0, 1, 0, 0, 1, 0, 1, 1, 1, 1, 0, 0, 1, 0, 1, 1, 0, 1, 1, 1, 0, 0, 1, 1, 0, 1, 0, 0, 0, 0, 0, 0, 0, 0, 0, 0, 1, 1, 0, 1, 1, 0, 1, 0, 1, 0, 1, 0, 0, 1, 0, 1, 0, 1, 1, 0, 1, 1, 0, 1, 1, 1, 0, 0, 1, 0, 1, 0, 1, 0, 0, 1, 1, 1, 0, 0, 1, 0, 1, 1, 0, 0, 0, 0, 1, 1, 0, 0, 0, 0, 1, 1, 1, 1, 0, 1, 1, 0, 0, 1, 1, 0, 0, 0, 0, 1, 0, 1, 0, 0, 0, 0, 0, 0, 1, 0, 1, 1, 1, 1, 0, 0, 1, 0, 1, 1, 1, 0, 0, 1, 0, 0, 1, 0, 1, 0, 1, 0, 0, 0, 1, 1, 1, 1, 1, 0, 0, 0, 1, 1, 0, 0, 0, 1, 1, 0, 1, 0, 1, 1, 1, 0, 0, 1, 1, 1, 1, 1, 0, 1, 1, 1, 0, 0, 0, 0, 1, 1, 0, 1, 0, 1, 1, 0, 1, 1, 1, 0, 1, 0, 1, 1, 0, 0, 0, 0, 1, 1, 1, 1, 0, 0, 1, 1, 0, 0, 1, 0, 0, 0, 1, 1, 0, 1, 0, 0, 1, 1, 1, 1, 0, 1, 1, 1, 1, 1, 1, 1, 0, 1, 1, 0, 1, 1, 0, 0, 1, 1, 0, 0, 1, 1, 0, 0, 1, 0, 1, 0, 0, 0, 0, 0, 1, 0, 0, 1, 1, 0, 0, 1, 0, 0, 1, 1, 1, 0, 0, 0, 1, 1, 0, 0, 1, 0, 0, 1, 1, 1, 0, 0, 0, 0, 1, 1, 0, 0, 1, 1, 1, 0, 0, 1, 0, 0, 0, 1, 1, 0, 1, 0, 0, 0, 0, 0, 0, 0, 1, 0, 1, 1, 1, 0, 0, 1, 0, 0, 1, 0, 1, 0, 1, 0, 0, 0, 0, 1, 1, 1, 0, 1, 0, 1, 1]
